0 info it worked if it ends with ok
1 verbose cli [ 'C:\\Program Files (x86)\\nodejs\\\\node.exe',
1 verbose cli   'C:\\Program Files (x86)\\nodejs\\node_modules\\npm\\bin\\npm-cli.js',
1 verbose cli   '-d',
1 verbose cli   'install',
1 verbose cli   'versal' ]
2 info using npm@1.4.28
3 info using node@v0.10.32
4 verbose node symlink C:\Program Files (x86)\nodejs\\node.exe
5 verbose cache add [ 'versal', null ]
6 verbose cache add name=undefined spec="versal" args=["versal",null]
7 verbose parsed url { protocol: null,
7 verbose parsed url   slashes: null,
7 verbose parsed url   auth: null,
7 verbose parsed url   host: null,
7 verbose parsed url   port: null,
7 verbose parsed url   hostname: null,
7 verbose parsed url   hash: null,
7 verbose parsed url   search: null,
7 verbose parsed url   query: null,
7 verbose parsed url   pathname: 'versal',
7 verbose parsed url   path: 'versal',
7 verbose parsed url   href: 'versal' }
8 silly lockFile f58a0108-versal versal
9 verbose lock versal C:\Users\Bruno Carvente\AppData\Roaming\npm-cache\f58a0108-versal.lock
10 silly lockFile f58a0108-versal versal
11 silly lockFile f58a0108-versal versal
12 verbose addNamed [ 'versal', '' ]
13 verbose addNamed [ null, '*' ]
14 silly lockFile 3ecf8546-versal versal@
15 verbose lock versal@ C:\Users\Bruno Carvente\AppData\Roaming\npm-cache\3ecf8546-versal.lock
16 silly addNameRange { name: 'versal', range: '*', hasData: false }
17 verbose request where is /versal
18 verbose request registry https://registry.npmjs.org/
19 verbose request id f8fa590540264a6d
20 verbose url raw /versal
21 verbose url resolving [ 'https://registry.npmjs.org/', './versal' ]
22 verbose url resolved https://registry.npmjs.org/versal
23 verbose request where is https://registry.npmjs.org/versal
24 info trying registry request attempt 1 at 09:18:24
25 http GET https://registry.npmjs.org/versal
26 http 404 https://registry.npmjs.org/versal
27 verbose headers { date: 'Sun, 19 Oct 2014 13:18:24 GMT',
27 verbose headers   server: 'CouchDB/1.5.0 (Erlang OTP/R16B03)',
27 verbose headers   'content-type': 'application/json',
27 verbose headers   'cache-control': 'max-age=0',
27 verbose headers   'content-length': '52',
27 verbose headers   'accept-ranges': 'bytes',
27 verbose headers   via: '1.1 varnish',
27 verbose headers   age: '0',
27 verbose headers   'x-served-by': 'cache-atl6224-ATL',
27 verbose headers   'x-cache': 'MISS',
27 verbose headers   'x-cache-hits': '0',
27 verbose headers   'x-timer': 'S1413724704.322897,VS0,VE109',
27 verbose headers   'keep-alive': 'timeout=10, max=50',
27 verbose headers   connection: 'Keep-Alive' }
28 silly registry.get cb [ 404,
28 silly registry.get   { date: 'Sun, 19 Oct 2014 13:18:24 GMT',
28 silly registry.get     server: 'CouchDB/1.5.0 (Erlang OTP/R16B03)',
28 silly registry.get     'content-type': 'application/json',
28 silly registry.get     'cache-control': 'max-age=0',
28 silly registry.get     'content-length': '52',
28 silly registry.get     'accept-ranges': 'bytes',
28 silly registry.get     via: '1.1 varnish',
28 silly registry.get     age: '0',
28 silly registry.get     'x-served-by': 'cache-atl6224-ATL',
28 silly registry.get     'x-cache': 'MISS',
28 silly registry.get     'x-cache-hits': '0',
28 silly registry.get     'x-timer': 'S1413724704.322897,VS0,VE109',
28 silly registry.get     'keep-alive': 'timeout=10, max=50',
28 silly registry.get     connection: 'Keep-Alive' } ]
29 silly lockFile 3ecf8546-versal versal@
30 silly lockFile 3ecf8546-versal versal@
31 error 404 404 Not Found: versal
31 error 404
31 error 404 'versal' is not in the npm registry.
31 error 404 You should bug the author to publish it
31 error 404
31 error 404 Note that you can also install from a
31 error 404 tarball, folder, or http url, or git url.
32 error System Windows_NT 6.2.9200
33 error command "C:\\Program Files (x86)\\nodejs\\\\node.exe" "C:\\Program Files (x86)\\nodejs\\node_modules\\npm\\bin\\npm-cli.js" "-d" "install" "versal"
34 error cwd C:\Users\Bruno Carvente\Documents\GitHub\Hackathon\ebola-map-case-gadget
35 error node -v v0.10.32
36 error npm -v 1.4.28
37 error code E404
38 verbose exit [ 1, true ]
